<?xml version="1.0" encoding="UTF-8"?>
<testng-results ignored="0" total="1" passed="1" failed="0" skipped="0">
  <reporter-output>
    <line>
      <![CDATA[apple]]>
    </line>
  </reporter-output>
  <suite started-at="2026-02-05T08:53:47 IST" name="Suite" finished-at="2026-02-05T08:53:47 IST" duration-ms="46">
    <groups>
      <group name="smoke">
        <method signature="Demo1Test.fuitsTest()[pri:0, instance:Practice.Demo1Test@2e3967ea]" name="fuitsTest" class="Practice.Demo1Test"/>
      </group> <!-- smoke -->
    </groups>
    <test started-at="2026-02-05T08:53:47 IST" name="Test" finished-at="2026-02-05T08:53:47 IST" duration-ms="46">
      <class name="Practice.Demo1Test">
        <test-method signature="fuitsTest()[pri:0, instance:Practice.Demo1Test@2e3967ea]" started-at="2026-02-05T08:53:47 IST" name="fuitsTest" finished-at="2026-02-05T08:53:47 IST" duration-ms="8" status="PASS">
          <reporter-output>
            <line>
              <![CDATA[apple]]>
            </line>
          </reporter-output>
        </test-method> <!-- fuitsTest -->
      </class> <!-- Practice.Demo1Test -->
    </test> <!-- Test -->
  </suite> <!-- Suite -->
</testng-results>
