<?xml version="1.0" encoding="UTF-8"?>
<!-- Generated by org.testng.reporters.JUnitReportReporter -->
<testsuite hostname="DESKTOP-HUNNULJ" failures="0" tests="1" name="Practice.Demo1Test" time="0.008" errors="0" timestamp="2026-02-05T08:53:47 IST" skipped="0">
  <testcase classname="Practice.Demo1Test" name="fuitsTest" time="0.008">
    <system-out>
      <![CDATA[apple]]>
    </system-out>
  </testcase> <!-- fuitsTest -->
  <system-out>
    <![CDATA[apple]]>
  </system-out>
</testsuite> <!-- Practice.Demo1Test -->
