<?xml version="1.0" encoding="UTF-8"?>
<!-- Generated by org.testng.reporters.JUnitReportReporter -->
<testsuite hostname="DESKTOP-HUNNULJ" failures="0" tests="1" name="Practice.DemoTest" time="0.008" errors="0" timestamp="2026-02-05T08:53:25 IST" skipped="0">
  <testcase classname="Practice.DemoTest" name="colourTest" time="0.008">
    <system-out>
      <![CDATA[Balck]]>
    </system-out>
  </testcase> <!-- colourTest -->
  <system-out>
    <![CDATA[Balck]]>
  </system-out>
</testsuite> <!-- Practice.DemoTest -->
